2024-01-23T17:36:35.741890-0700 INFO Checking for aws...
2024-01-23T17:36:35.747899-0700 INFO aws found.
2024-01-23T17:36:35.748899-0700 INFO Fetching AWS profiles...
2024-01-23T17:36:39.045742-0700 INFO Found 4 AWS profiles.
2024-01-23T17:38:54.448114-0700 INFO Checking for aws...
2024-01-23T17:38:54.455114-0700 INFO aws found.
2024-01-23T17:38:54.455114-0700 INFO Fetching AWS profiles...
2024-01-23T17:38:57.148575-0700 INFO Found 4 AWS profiles.
2024-01-23T17:39:01.134647-0700 INFO Running Docker...
2024-01-23T17:39:01.134647-0700 INFO Checking for docker...
2024-01-23T17:39:01.139649-0700 INFO docker found.
2024-01-23T17:39:01.139649-0700 INFO Fetching Docker images...
2024-01-23T17:39:03.571097-0700 INFO Executing Docker command: docker run -it --rm --name geodesic-test-image -e BANNER=NLS-Geodesic -e AWS_PROFILE=NLS -e AWS_DEFAULT_REGION=ca-central-1 --volume C:\Users\NINJALEVEL:/localhost --volume C:\DHE\git\nls-infra\root\Atmos1\AWS:/_repotest geodesic-test-image:latest --login
2024-01-23T17:50:57.090645-0700 INFO Checking for aws...
2024-01-23T17:50:57.097668-0700 INFO aws found.
2024-01-23T17:50:57.097668-0700 INFO Fetching AWS profiles...
2024-01-23T17:50:59.873093-0700 INFO Found 4 AWS profiles.
2024-01-23T17:51:06.418629-0700 INFO Running Docker...
2024-01-23T17:51:06.418629-0700 INFO Checking for docker...
2024-01-23T17:51:06.422628-0700 INFO docker found.
2024-01-23T17:51:06.423628-0700 INFO Fetching Docker images...
2024-01-23T17:51:08.273807-0700 INFO Executing Docker command: docker run -it --rm --name geodesic-test-image -e BANNER=NLS-Geodesic -e AWS_PROFILE=NLS -e AWS_DEFAULT_REGION=ca-central-1 --volume C:\Users\NINJALEVEL:/localhost --volume C:\DHE\git\nls-infra\root\Atmos1\AWS:/_repotest geodesic-test-image:latest --login
2024-01-23T17:59:44.425735-0700 INFO Docker run completed.
2024-01-23T18:00:18.612672-0700 INFO Checking for aws...
2024-01-23T18:00:18.618950-0700 INFO aws found.
2024-01-23T18:00:18.619474-0700 INFO Fetching AWS profiles...
2024-01-23T18:00:21.370855-0700 INFO Found 4 AWS profiles.
2024-01-23T18:00:25.517978-0700 INFO Running Docker...
2024-01-23T18:00:25.518981-0700 INFO Checking for docker...
2024-01-23T18:00:25.522008-0700 INFO docker found.
2024-01-23T18:00:25.523006-0700 INFO Fetching Docker images...
2024-01-23T18:00:27.176429-0700 INFO Executing Docker command: docker run -it --rm --name geodesic-test-image -e BANNER=NLS-Geodesic -e AWS_PROFILE=NLS -e AWS_DEFAULT_REGION=ca-central-1 --volume C:\Users\NINJALEVEL:/localhost --volume C:\DHE\git\nls-infra\root\Atmos1\AWS:/_repotest geodesic-test-image:latest --login
2024-01-23T18:26:48.468224-0700 INFO Docker run completed.
2024-01-23T18:27:28.845068-0700 INFO Checking for aws...
2024-01-23T18:27:28.851068-0700 INFO aws found.
2024-01-23T18:27:28.852068-0700 INFO Fetching AWS profiles...
2024-01-23T18:27:31.570040-0700 INFO Found 4 AWS profiles.
2024-01-23T18:27:35.578292-0700 INFO Running Docker...
2024-01-23T18:27:35.579292-0700 INFO Checking for docker...
2024-01-23T18:27:35.582293-0700 INFO docker found.
2024-01-23T18:27:35.583292-0700 INFO Fetching Docker images...
2024-01-23T18:27:37.522510-0700 INFO Executing Docker command: docker run -it --rm --name geodesic-test-image -e BANNER=NLS-Geodesic -e AWS_PROFILE=NLS -e AWS_DEFAULT_REGION=ca-central-1 --volume C:\Users\NINJALEVEL:/localhost --volume C:\DHE\git\nls-infra\root\Atmos1\AWS:/_repotest geodesic-test-image:latest --login
2024-01-23T18:33:45.161052-0700 INFO Docker run completed.
2024-01-23T18:39:48.893542-0700 INFO Checking for aws...
2024-01-23T18:39:48.899542-0700 INFO aws found.
2024-01-23T18:39:48.899542-0700 INFO Fetching AWS profiles...
2024-01-23T18:39:51.640001-0700 INFO Found 4 AWS profiles.
2024-01-23T18:39:55.321110-0700 INFO Running Docker...
2024-01-23T18:39:55.321110-0700 INFO Checking for docker...
2024-01-23T18:39:55.325111-0700 INFO docker found.
2024-01-23T18:39:55.325111-0700 INFO Fetching Docker images...
2024-01-23T18:40:02.756816-0700 INFO Checking for aws...
2024-01-23T18:40:02.763814-0700 INFO aws found.
2024-01-23T18:40:02.763814-0700 INFO Fetching AWS profiles...
2024-01-23T18:40:05.464571-0700 INFO Found 4 AWS profiles.
2024-01-23T18:40:09.351346-0700 INFO Running Docker...
2024-01-23T18:40:09.351346-0700 INFO Checking for docker...
2024-01-23T18:40:09.354872-0700 INFO docker found.
2024-01-23T18:40:09.354872-0700 INFO Fetching Docker images...
2024-01-23T18:40:15.659813-0700 INFO Executing Docker command: docker run -it --rm --name geodesic-test-image -e BANNER=NLS-Geodesic -e AWS_PROFILE=NLS -e AWS_DEFAULT_REGION=ca-central-1 --volume C:\Users\NINJALEVEL:/localhost --volume C:\DHE\git\nls-infra\root\Atmos1\AWS:/_repotest geodesic-test-image:latest --login
2024-01-23T18:44:38.107991-0700 INFO Docker run completed.
2024-01-23T18:46:23.409700-0700 INFO Checking for aws...
2024-01-23T18:46:23.415698-0700 INFO aws found.
2024-01-23T18:46:23.416698-0700 INFO Fetching AWS profiles...
2024-01-23T18:46:26.135151-0700 INFO Found 4 AWS profiles.
2024-01-23T18:46:29.982057-0700 INFO Running Docker...
2024-01-23T18:46:29.983052-0700 INFO Checking for docker...
2024-01-23T18:46:29.986048-0700 INFO docker found.
2024-01-23T18:46:29.987048-0700 INFO Fetching Docker images...
2024-01-23T18:46:32.115102-0700 INFO Executing Docker command: docker run -it --rm --name geodesic-test-image -e BANNER=NLS-Geodesic -e AWS_PROFILE=NLS -e AWS_DEFAULT_REGION=ca-central-1 --volume C:\Users\NINJALEVEL:/localhost --volume C:\DHE\git\nls-infra\root\Atmos1\AWS:/_repotest geodesic-test-image:latest --login
2024-01-25T08:30:23.864672-0700 INFO Checking if Dockerfile has changed...
2024-01-25T08:30:23.864672-0700 INFO No changes detected in Dockerfile. No action needed.
2024-01-25T08:30:23.865674-0700 INFO Checking for aws...
2024-01-25T08:30:23.871582-0700 INFO aws found.
2024-01-25T08:30:23.871582-0700 INFO Fetching AWS profiles...
2024-01-25T08:30:27.358647-0700 INFO Found 4 AWS profiles.
2024-01-25T08:32:36.680895-0700 INFO Checking if Dockerfile has changed...
2024-01-25T08:32:36.681897-0700 INFO No changes detected in Dockerfile. No action needed.
2024-01-25T08:32:36.681897-0700 INFO Checking for aws...
2024-01-25T08:32:36.687895-0700 INFO aws found.
2024-01-25T08:32:36.687895-0700 INFO Fetching AWS profiles...
2024-01-25T08:32:39.414697-0700 INFO Found 4 AWS profiles.
2024-01-25T08:32:46.341197-0700 ERROR AWS profile NLS is not active. Please check its configuration.
2024-01-25T08:34:15.089699-0700 INFO Checking if Dockerfile has changed...
2024-01-25T08:34:15.089699-0700 INFO No changes detected in Dockerfile. No action needed.
2024-01-25T08:34:15.090699-0700 INFO Checking for aws...
2024-01-25T08:34:15.095699-0700 INFO aws found.
2024-01-25T08:34:15.096699-0700 INFO Fetching AWS profiles...
2024-01-25T08:34:17.801491-0700 INFO Found 4 AWS profiles.
2024-01-25T08:34:25.612234-0700 INFO AWS profile NLS is active.
2024-01-25T08:34:25.613234-0700 INFO Running Docker...
2024-01-25T08:34:25.613234-0700 INFO Checking for docker...
2024-01-25T08:34:25.617234-0700 INFO docker found.
2024-01-25T08:34:25.617234-0700 INFO Fetching Docker images...
2024-01-25T08:34:27.878443-0700 INFO Executing Docker command: docker run -it --rm --name geodesic-test-image -e BANNER=NLS-Geodesic -e AWS_PROFILE=NLS -e AWS_DEFAULT_REGION=ca-central-1 --volume C:\Users\NINJALEVEL:/localhost --volume C:\DHE\git\nls-infra\root\Atmos2\AWS:/_repotest geodesic-test-image:latest --login
2024-01-25T08:35:09.519931-0700 INFO Docker run completed.
2024-01-25T10:35:32.205752-0700 INFO Checking if Dockerfile has changed...
2024-01-25T10:35:32.205752-0700 INFO Building or rebuilding Docker image.
2024-01-25T10:35:32.206752-0700 INFO Building Docker image...
2024-01-25T10:35:34.451103-0700 SUCCESS Docker image built successfully.
2024-01-25T10:35:34.451103-0700 INFO Creating hash of the Dockerfile...
2024-01-25T10:35:34.451625-0700 SUCCESS Hash of Dockerfile created and stored successfully.
2024-01-25T10:35:34.452149-0700 INFO Checking for aws...
2024-01-25T10:35:34.458779-0700 INFO aws found.
2024-01-25T10:35:34.458779-0700 INFO Fetching AWS profiles...
2024-01-25T10:35:37.781370-0700 INFO Found 4 AWS profiles.
2024-01-25T10:36:08.804569-0700 INFO AWS profile NLS is active.
2024-01-25T10:36:08.805569-0700 INFO Running Docker...
2024-01-25T10:36:08.805569-0700 INFO Checking for docker...
2024-01-25T10:36:08.808568-0700 INFO docker found.
2024-01-25T10:36:08.809569-0700 INFO Fetching Docker images...
2024-01-25T10:36:11.316374-0700 INFO Executing Docker command: docker run -it --rm --name geodesic-test-image -e BANNER=NLS-Geodesic -e AWS_PROFILE=NLS -e AWS_DEFAULT_REGION=ca-central-1 --volume C:\Users\NINJALEVEL:/localhost --volume C:\DHE\git\nls-infra\root\Atmos2\AWS:/_repotest geodesic-test-image:latest --login
2024-01-25T10:36:33.286442-0700 INFO Docker run completed.
2024-01-25T10:47:42.933330-0700 INFO Checking if Dockerfile has changed...
2024-01-25T10:47:42.933330-0700 INFO Building or rebuilding Docker image.
2024-01-25T10:47:42.934330-0700 INFO Building Docker image...
2024-01-25T10:47:44.419996-0700 SUCCESS Docker image built successfully.
2024-01-25T10:47:44.420524-0700 INFO Creating hash of the Dockerfile...
2024-01-25T10:47:44.421046-0700 SUCCESS Hash of Dockerfile created and stored successfully.
2024-01-25T10:47:44.421579-0700 INFO Checking for aws...
2024-01-25T10:47:44.427285-0700 INFO aws found.
2024-01-25T10:47:44.428266-0700 INFO Fetching AWS profiles...
2024-01-25T10:47:47.138602-0700 INFO Found 4 AWS profiles.
2024-01-25T10:49:22.905187-0700 INFO Checking if Dockerfile has changed...
2024-01-25T10:49:22.906187-0700 INFO Building or rebuilding Docker image.
2024-01-25T10:49:22.906187-0700 INFO Building Docker image...
2024-01-25T10:50:38.326639-0700 SUCCESS Docker image built successfully.
2024-01-25T10:50:38.327170-0700 INFO Creating hash of the Dockerfile...
2024-01-25T10:50:38.327700-0700 SUCCESS Hash of Dockerfile created and stored successfully.
2024-01-25T10:50:38.328221-0700 INFO Checking for aws...
2024-01-25T10:50:38.333954-0700 INFO aws found.
2024-01-25T10:50:38.333954-0700 INFO Fetching AWS profiles...
2024-01-25T10:50:41.035691-0700 INFO Found 4 AWS profiles.
2024-01-25T10:50:49.086683-0700 INFO AWS profile NLS is active.
2024-01-25T10:50:49.086683-0700 INFO Running Docker...
2024-01-25T10:50:49.086683-0700 INFO Checking for docker...
2024-01-25T10:50:49.090684-0700 INFO docker found.
2024-01-25T10:50:49.090684-0700 INFO Fetching Docker images...
2024-01-25T10:50:51.058003-0700 INFO Executing Docker command: docker run -it --rm --name geodesic-test-image -e BANNER=NLS-Geodesic -e AWS_PROFILE=NLS -e AWS_DEFAULT_REGION=ca-central-1 --volume C:\Users\NINJALEVEL:/localhost --volume C:\DHE\git\nls-infra\root\Atmos2\AWS:/_repotest geodesic-test-image:latest --login
2024-01-25T10:58:21.055593-0700 INFO Docker run completed.
2024-01-25T10:58:33.833069-0700 INFO Checking if Dockerfile has changed...
2024-01-25T10:58:33.833069-0700 INFO No changes detected in Dockerfile. No action needed.
2024-01-25T10:58:33.834069-0700 INFO Checking for aws...
2024-01-25T10:58:33.840069-0700 INFO aws found.
2024-01-25T10:58:33.840069-0700 INFO Fetching AWS profiles...
2024-01-25T10:58:36.527810-0700 INFO Found 4 AWS profiles.
2024-01-25T10:58:45.841119-0700 INFO AWS profile NLS is active.
2024-01-25T10:58:45.841119-0700 INFO Running Docker...
2024-01-25T10:58:45.841119-0700 INFO Checking for docker...
2024-01-25T10:58:45.845118-0700 INFO docker found.
2024-01-25T10:58:45.845118-0700 INFO Fetching Docker images...
2024-01-25T10:59:02.616459-0700 INFO Checking if Dockerfile has changed...
2024-01-25T10:59:02.617459-0700 INFO Building or rebuilding Docker image.
2024-01-25T10:59:02.617459-0700 INFO Building Docker image...
2024-01-25T11:00:17.184995-0700 SUCCESS Docker image built successfully.
2024-01-25T11:00:17.185524-0700 INFO Creating hash of the Dockerfile...
2024-01-25T11:00:17.186052-0700 SUCCESS Hash of Dockerfile created and stored successfully.
2024-01-25T11:00:17.186588-0700 INFO Checking for aws...
2024-01-25T11:00:17.192755-0700 INFO aws found.
2024-01-25T11:00:17.192755-0700 INFO Fetching AWS profiles...
2024-01-25T11:00:19.882459-0700 INFO Found 4 AWS profiles.
2024-01-25T11:00:27.600335-0700 INFO AWS profile NLS is active.
2024-01-25T11:00:27.600335-0700 INFO Running Docker...
2024-01-25T11:00:27.601335-0700 INFO Checking for docker...
2024-01-25T11:00:27.604334-0700 INFO docker found.
2024-01-25T11:00:27.604334-0700 INFO Fetching Docker images...
2024-01-25T11:00:30.683474-0700 INFO Executing Docker command: docker run -it --rm --name geodesic-test-2024-01-25 -e BANNER=NLS-Geodesic -e AWS_PROFILE=NLS -e AWS_DEFAULT_REGION=ca-central-1 --volume C:\Users\NINJALEVEL:/localhost --volume C:\DHE\git\nls-infra\root\Atmos2\AWS:/_repotest geodesic-test-2024-01-25:latest --login
2024-01-25T11:02:43.606007-0700 INFO Docker run completed.
2024-01-25T11:03:43.043267-0700 INFO Checking if Dockerfile has changed...
2024-01-25T11:03:43.044268-0700 INFO No changes detected in Dockerfile. No action needed.
2024-01-25T11:03:43.044268-0700 INFO Checking for aws...
2024-01-25T11:03:43.050267-0700 INFO aws found.
2024-01-25T11:03:43.050267-0700 INFO Fetching AWS profiles...
2024-01-25T11:03:45.746425-0700 INFO Found 4 AWS profiles.
2024-01-25T11:03:54.313413-0700 INFO AWS profile NLS is active.
2024-01-25T11:03:54.313413-0700 INFO Running Docker...
2024-01-25T11:03:54.313413-0700 INFO Checking for docker...
2024-01-25T11:03:54.317412-0700 INFO docker found.
2024-01-25T11:03:54.317412-0700 INFO Fetching Docker images...
2024-01-25T11:03:56.287424-0700 INFO Executing Docker command: docker run -it --rm --name geodesic-test-2024-01-25 -e BANNER=NLS-Geodesic -e AWS_PROFILE=NLS -e AWS_DEFAULT_REGION=ca-central-1 --volume C:\Users\NINJALEVEL:/localhost --volume C:\DHE\git\nls-infra\root\Atmos2\AWS:/_repotest geodesic-test-2024-01-25:latest --login
2024-01-27T17:40:03.015702-0700 INFO Docker run completed.
